C:\USERS\FVTX\DOCUMENTS\ONLINE\FVTX\GUI\DEBUG
C:\USERS\FVTX\DOCUMENTS\ONLINE\FVTX\GUI\DEBUG.OBJ
C:\Users\fvtx\Documents\online\fvtx\GUI\Debug\cl.command.1.tlog
C:\Users\fvtx\Documents\online\fvtx\GUI\Debug\CL.read.1.tlog
C:\Users\fvtx\Documents\online\fvtx\GUI\Debug\CL.write.1.tlog
C:\Users\fvtx\Documents\online\fvtx\GUI\Debug\link.4280.read.1.tlog
C:\Users\fvtx\Documents\online\fvtx\GUI\Debug\link.4280.write.1.tlog
C:\Users\fvtx\Documents\online\fvtx\GUI\Debug\link.4280-cvtres.read.1.tlog
C:\Users\fvtx\Documents\online\fvtx\GUI\Debug\link.4280-cvtres.write.1.tlog
C:\Users\fvtx\Documents\online\fvtx\GUI\Debug\link.command.1.tlog
C:\Users\fvtx\Documents\online\fvtx\GUI\Debug\link.read.1.tlog
C:\Users\fvtx\Documents\online\fvtx\GUI\Debug\link.write.1.tlog
C:\Users\fvtx\Documents\online\fvtx\GUI\Debug\link-cvtres.read.1.tlog
C:\Users\fvtx\Documents\online\fvtx\GUI\Debug\link-cvtres.write.1.tlog
C:\Users\fvtx\Documents\online\fvtx\GUI\Debug\mt.command.1.tlog
C:\Users\fvtx\Documents\online\fvtx\GUI\Debug\mt.read.1.tlog
C:\Users\fvtx\Documents\online\fvtx\GUI\Debug\mt.write.1.tlog
C:\Users\fvtx\Documents\online\fvtx\GUI\Debug\rc.command.1.tlog
C:\Users\fvtx\Documents\online\fvtx\GUI\Debug\rc.read.1.tlog
C:\Users\fvtx\Documents\online\fvtx\GUI\Debug\rc.write.1.tlog
C:\USERS\FVTX\DOCUMENTS\ONLINE\FVTX\GUI\DEBUG\READ_DAQ.EXE
C:\USERS\FVTX\DOCUMENTS\ONLINE\FVTX\GUI\DEBUG\READ_DAQ.EXE.EMBED.MANIFEST
C:\USERS\FVTX\DOCUMENTS\ONLINE\FVTX\GUI\DEBUG\READ_DAQ.EXE.EMBED.MANIFEST.RES
C:\USERS\FVTX\DOCUMENTS\ONLINE\FVTX\GUI\DEBUG\READ_DAQ.EXE.INTERMEDIATE.MANIFEST
C:\USERS\FVTX\DOCUMENTS\ONLINE\FVTX\GUI\DEBUG\READ_DAQ.ILK
C:\USERS\FVTX\DOCUMENTS\ONLINE\FVTX\GUI\DEBUG\READ_DAQ.PDB
C:\Users\fvtx\Documents\online\fvtx\GUI\Debug\read_DAQ.write.1.tlog
C:\Users\fvtx\Documents\online\fvtx\GUI\Debug\read_DAQ_manifest.rc
Debug\read_DAQ.ilk
Debug\read_DAQ.pdb
